Using pre-set license
Built from '2021.3/staging' branch; Version is '2021.3.2f1 (d6360bedb9a0) revision 14038539'; Using compiler version '192829333'; Build Type 'Release'
OS: 'Windows 10  (10.0.19044) 64bit Professional' Language: 'en' Physical Memory: 8113 MB
BatchMode: 1, IsHumanControllingUs: 0, StartBugReporterOnCrash: 0, Is64bit: 1, IsPro: 1

COMMAND LINE ARGUMENTS:
C:\Program Files\Unity\Hub\Editor\2021.3.2f1\Editor\Unity.exe
-adb2
-batchMode
-noUpm
-name
AssetImportWorker0
-projectPath
C:/Users/shiel/Documents/Unity/ScrapFleet
-logFile
Logs/AssetImportWorker0.log
-srvPort
58488
Successfully changed project path to: C:/Users/shiel/Documents/Unity/ScrapFleet
C:/Users/shiel/Documents/Unity/ScrapFleet
[UnityMemory] Configuration Parameters - Can be set up in boot.config
    "memorysetup-bucket-allocator-granularity=16"
    "memorysetup-bucket-allocator-bucket-count=8"
    "memorysetup-bucket-allocator-block-size=33554432"
    "memorysetup-bucket-allocator-block-count=8"
    "memorysetup-main-allocator-block-size=16777216"
    "memorysetup-thread-allocator-block-size=16777216"
    "memorysetup-gfx-main-allocator-block-size=16777216"
    "memorysetup-gfx-thread-allocator-block-size=16777216"
    "memorysetup-cache-allocator-block-size=4194304"
    "memorysetup-typetree-allocator-block-size=2097152"
    "memorysetup-profiler-bucket-allocator-granularity=16"
    "memorysetup-profiler-bucket-allocator-bucket-count=8"
    "memorysetup-profiler-bucket-allocator-block-size=33554432"
    "memorysetup-profiler-bucket-allocator-block-count=8"
    "memorysetup-profiler-allocator-block-size=16777216"
    "memorysetup-profiler-editor-allocator-block-size=1048576"
    "memorysetup-temp-allocator-size-main=16777216"
    "memorysetup-job-temp-allocator-block-size=2097152"
    "memorysetup-job-temp-allocator-block-size-background=1048576"
    "memorysetup-job-temp-allocator-reduction-small-platforms=262144"
    "memorysetup-temp-allocator-size-background-worker=32768"
    "memorysetup-temp-allocator-size-job-worker=262144"
    "memorysetup-temp-allocator-size-preload-manager=33554432"
    "memorysetup-temp-allocator-size-nav-mesh-worker=65536"
    "memorysetup-temp-allocator-size-audio-worker=65536"
    "memorysetup-temp-allocator-size-cloud-worker=32768"
    "memorysetup-temp-allocator-size-gi-baking-worker=262144"
    "memorysetup-temp-allocator-size-gfx=262144"
Refreshing native plugins compatible for Editor in 76.57 ms, found 0 plugins.
Preloading 0 native plugins for Editor in 0.00 ms.
Initialize engine version: 2021.3.2f1 (d6360bedb9a0)
[Subsystems] Discovering subsystems at path C:/Program Files/Unity/Hub/Editor/2021.3.2f1/Editor/Data/Resources/UnitySubsystems
[Subsystems] Discovering subsystems at path C:/Users/shiel/Documents/Unity/ScrapFleet/Assets
GfxDevice: creating device client; threaded=0; jobified=0
Direct3D:
    Version:  Direct3D 11.0 [level 11.1]
    Renderer: Intel(R) HD Graphics 520 (ID=0x1916)
    Vendor:   Intel
    VRAM:     4056 MB
    Driver:   24.20.100.6299
Initialize mono
Mono path[0] = 'C:/Program Files/Unity/Hub/Editor/2021.3.2f1/Editor/Data/Managed'
Mono path[1] = 'C:/Program Files/Unity/Hub/Editor/2021.3.2f1/Editor/Data/MonoBleedingEdge/lib/mono/unityjit-win32'
Mono config path = 'C:/Program Files/Unity/Hub/Editor/2021.3.2f1/Editor/Data/MonoBleedingEdge/etc'
Using monoOptions --debugger-agent=transport=dt_socket,embedding=1,server=y,suspend=n,address=127.0.0.1:56716
Begin MonoManager ReloadAssembly
Registering precompiled unity dll's ...
Register platform support module: C:/Program Files/Unity/Hub/Editor/2021.3.2f1/Editor/Data/PlaybackEngines/WindowsStandaloneSupport/UnityEditor.WindowsStandalone.Extensions.dll
Registered in 0.013933 seconds.
Native extension for WindowsStandalone target not found
Refreshing native plugins compatible for Editor in 53.67 ms, found 0 plugins.
Preloading 0 native plugins for Editor in 0.00 ms.
Mono: successfully reloaded assembly
- Completed reload, in  1.213 seconds
Domain Reload Profiling:
	ReloadAssembly (1214ms)
		BeginReloadAssembly (171ms)
			ExecutionOrderSort (0ms)
			DisableScriptedObjects (0ms)
			BackupInstance (0ms)
			ReleaseScriptingObjects (0ms)
			CreateAndSetChildDomain (1ms)
		EndReloadAssembly (857ms)
			LoadAssemblies (167ms)
			RebuildTransferFunctionScriptingTraits (0ms)
			SetupTypeCache (163ms)
			ReleaseScriptCaches (0ms)
			RebuildScriptCaches (72ms)
			SetupLoadedEditorAssemblies (541ms)
				LogAssemblyErrors (0ms)
				InitializePlatformSupportModulesInManaged (27ms)
				SetLoadedEditorAssemblies (1ms)
				RefreshPlugins (54ms)
				BeforeProcessingInitializeOnLoad (5ms)
				ProcessInitializeOnLoadAttributes (272ms)
				ProcessInitializeOnLoadMethodAttributes (182ms)
				AfterProcessingInitializeOnLoad (0ms)
				EditorAssembliesLoaded (0ms)
			ExecutionOrderSort2 (0ms)
			AwakeInstancesAfterBackupRestoration (0ms)
Platform modules already initialized, skipping
Registering precompiled user dll's ...
Registered in 0.006861 seconds.
Begin MonoManager ReloadAssembly
Native extension for WindowsStandalone target not found
Refreshing native plugins compatible for Editor in 26.48 ms, found 0 plugins.
Preloading 0 native plugins for Editor in 0.00 ms.
Mono: successfully reloaded assembly
- Completed reload, in  1.206 seconds
Domain Reload Profiling:
	ReloadAssembly (1207ms)
		BeginReloadAssembly (190ms)
			ExecutionOrderSort (0ms)
			DisableScriptedObjects (10ms)
			BackupInstance (0ms)
			ReleaseScriptingObjects (0ms)
			CreateAndSetChildDomain (38ms)
		EndReloadAssembly (862ms)
			LoadAssemblies (127ms)
			RebuildTransferFunctionScriptingTraits (0ms)
			SetupTypeCache (199ms)
			ReleaseScriptCaches (1ms)
			RebuildScriptCaches (68ms)
			SetupLoadedEditorAssemblies (385ms)
				LogAssemblyErrors (0ms)
				InitializePlatformSupportModulesInManaged (20ms)
				SetLoadedEditorAssemblies (0ms)
				RefreshPlugins (27ms)
				BeforeProcessingInitializeOnLoad (76ms)
				ProcessInitializeOnLoadAttributes (206ms)
				ProcessInitializeOnLoadMethodAttributes (42ms)
				AfterProcessingInitializeOnLoad (13ms)
				EditorAssembliesLoaded (0ms)
			ExecutionOrderSort2 (0ms)
			AwakeInstancesAfterBackupRestoration (11ms)
Platform modules already initialized, skipping
========================================================================
Worker process is ready to serve import requests
Launched and connected shader compiler UnityShaderCompiler.exe after 0.15 seconds
Refreshing native plugins compatible for Editor in 0.22 ms, found 0 plugins.
Preloading 0 native plugins for Editor in 0.00 ms.
Unloading 842 Unused Serialized files (Serialized files now loaded: 0)
Unloading 16 unused Assets / (56.1 KB). Loaded Objects now: 1317.
Memory consumption went from 51.5 MB to 51.4 MB.
Total: 3.485000 ms (FindLiveObjects: 0.154900 ms CreateObjectMapping: 0.035600 ms MarkObjects: 3.163600 ms  DeleteObjects: 0.129700 ms)

AssetImportParameters requested are different than current active one (requested -> active):
  custom:video-decoder-ogg-theora: a1e56fd34408186e4bbccfd4996cb3dc -> 
  custom:container-muxer-webm: aa71ff27fc2769a1b78a27578f13a17b -> 
  custom:container-demuxer-webm: 4f35f7cbe854078d1ac9338744f61a02 -> 
  custom:video-encoder-webm-vp8: eb34c28f22e8b96e1ab97ce403110664 -> 
  custom:audio-encoder-webm-vorbis: bf7c407c2cedff20999df2af8eb42d56 -> 
  custom:framework-win-MediaFoundation: 216162199b28c13a410421893ffa2e32 -> 
  custom:container-demuxer-ogg: 62fdf1f143b41e24485cea50d1cbac27 -> 
  custom:video-decoder-webm-vp8: 9c59270c3fd7afecdb556c50c9e8de78 -> 
  custom:audio-decoder-ogg-vorbis: bf7c407c2cedff20999df2af8eb42d56 -> 
========================================================================
Received Import Request.
  Time since last request: 415182.389265 seconds.
  path: Assets/Images/GUIDE.png
  artifactKey: Guid(3d62d744633add741899ba16415ae9d5) Importer(815301076,1909f56bfc062723c751e8b465ee728b)
Start importing Assets/Images/GUIDE.png using Guid(3d62d744633add741899ba16415ae9d5) Importer(815301076,1909f56bfc062723c751e8b465ee728b)  -> (artifact id: 'caa0adcadab33cec14ddeda660f18b47') in 0.299690 seconds 
========================================================================
Received Import Request.
  Time since last request: 9.527481 seconds.
  path: Assets/Cards/Deck_Component.asset
  artifactKey: Guid(1d3f6d04c49ab3b4aba9cb5332069e87) Importer(815301076,1909f56bfc062723c751e8b465ee728b)
Start importing Assets/Cards/Deck_Component.asset using Guid(1d3f6d04c49ab3b4aba9cb5332069e87) Importer(815301076,1909f56bfc062723c751e8b465ee728b)  -> (artifact id: '1514892d4716d4b03af2402a98e33cea') in 0.088608 seconds 
========================================================================
Received Import Request.
  Time since last request: 590.667790 seconds.
  path: Assets/Cards/Gameplay Deck/StatBased/Space 2.asset
  artifactKey: Guid(8648ac366f2036a42939d15170a923be) Importer(815301076,1909f56bfc062723c751e8b465ee728b)
Start importing Assets/Cards/Gameplay Deck/StatBased/Space 2.asset using Guid(8648ac366f2036a42939d15170a923be) Importer(815301076,1909f56bfc062723c751e8b465ee728b)  -> (artifact id: '06cf8776aeab860a18068c6d8ecedd7e') in 0.084109 seconds 
========================================================================
Received Import Request.
  Time since last request: 4.855160 seconds.
  path: Assets/Cards/Gameplay Deck/StatBased/Space 3.asset
  artifactKey: Guid(6400da480ac14d84b9113ecd05b2f840) Importer(815301076,1909f56bfc062723c751e8b465ee728b)
Start importing Assets/Cards/Gameplay Deck/StatBased/Space 3.asset using Guid(6400da480ac14d84b9113ecd05b2f840) Importer(815301076,1909f56bfc062723c751e8b465ee728b)  -> (artifact id: '8f2987cccce23f98ed1c88962f7a945b') in 0.016503 seconds 
========================================================================
Received Import Request.
  Time since last request: 6.625199 seconds.
  path: Assets/Cards/Gameplay Deck/StatBased/Shield 2.asset
  artifactKey: Guid(fc1f734b5d74efb419888b836d1962b8) Importer(815301076,1909f56bfc062723c751e8b465ee728b)
Start importing Assets/Cards/Gameplay Deck/StatBased/Shield 2.asset using Guid(fc1f734b5d74efb419888b836d1962b8) Importer(815301076,1909f56bfc062723c751e8b465ee728b)  -> (artifact id: '4f1f34999803b05a93f0ed6a51f1e76e') in 0.024666 seconds 
========================================================================
Received Import Request.
  Time since last request: 0.965185 seconds.
  path: Assets/Cards/Gameplay Deck/StatBased/Shield 3.asset
  artifactKey: Guid(9a9739a3a9909a844a23c5ec1266a24e) Importer(815301076,1909f56bfc062723c751e8b465ee728b)
Start importing Assets/Cards/Gameplay Deck/StatBased/Shield 3.asset using Guid(9a9739a3a9909a844a23c5ec1266a24e) Importer(815301076,1909f56bfc062723c751e8b465ee728b)  -> (artifact id: '389b21899d869fb1742a867a362d49c1') in 0.016595 seconds 
========================================================================
Received Import Request.
  Time since last request: 7.795875 seconds.
  path: Assets/Cards/Gameplay Deck/StatBased/CARD_BACK.asset
  artifactKey: Guid(9a9739a3a9909a844a23c5ec1266a24e) Importer(815301076,1909f56bfc062723c751e8b465ee728b)
Start importing Assets/Cards/Gameplay Deck/StatBased/CARD_BACK.asset using Guid(9a9739a3a9909a844a23c5ec1266a24e) Importer(815301076,1909f56bfc062723c751e8b465ee728b)  -> (artifact id: '198d49351bc4bbfdd02d0c1d95d5c008') in 0.018256 seconds 
========================================================================
Received Import Request.
  Time since last request: 82.770198 seconds.
  path: Assets/Cards/Deck_Gameplay.asset
  artifactKey: Guid(85acd1f03f5947244a16d3649b3de371) Importer(815301076,1909f56bfc062723c751e8b465ee728b)
Start importing Assets/Cards/Deck_Gameplay.asset using Guid(85acd1f03f5947244a16d3649b3de371) Importer(815301076,1909f56bfc062723c751e8b465ee728b)  -> (artifact id: '08e6d4c1929ed0ca929bc086d1cb5b1e') in 0.040731 seconds 
========================================================================
Received Import Request.
  Time since last request: 6.841776 seconds.
  path: Assets/Cards/Deck_Gameplay.asset
  artifactKey: Guid(85acd1f03f5947244a16d3649b3de371) Importer(815301076,1909f56bfc062723c751e8b465ee728b)
Start importing Assets/Cards/Deck_Gameplay.asset using Guid(85acd1f03f5947244a16d3649b3de371) Importer(815301076,1909f56bfc062723c751e8b465ee728b)  -> (artifact id: 'e4debfbc5a6b1dedf63d5cb81f81850b') in 0.013304 seconds 
========================================================================
Received Import Request.
  Time since last request: 161.032633 seconds.
  path: Assets/Sprites/Card Back.png
  artifactKey: Guid(7054d5169a9cab842a1c0b24448c8b93) Importer(815301076,1909f56bfc062723c751e8b465ee728b)
Start importing Assets/Sprites/Card Back.png using Guid(7054d5169a9cab842a1c0b24448c8b93) Importer(815301076,1909f56bfc062723c751e8b465ee728b)  -> (artifact id: '550a2588abb2734ea3175e34853a48c1') in 0.396217 seconds 
========================================================================
Received Import Request.
  Time since last request: 20.890229 seconds.
  path: Assets/Cards/Gameplay Deck/StatBased/CARD_BACK.asset
  artifactKey: Guid(9a9739a3a9909a844a23c5ec1266a24e) Importer(815301076,1909f56bfc062723c751e8b465ee728b)
Start importing Assets/Cards/Gameplay Deck/StatBased/CARD_BACK.asset using Guid(9a9739a3a9909a844a23c5ec1266a24e) Importer(815301076,1909f56bfc062723c751e8b465ee728b)  -> (artifact id: 'cc80c868ba1dc3e09403078acaa53646') in 0.008743 seconds 
========================================================================
Received Import Request.
  Time since last request: 117.814115 seconds.
  path: Assets/Sprites/Card Back Logo cropped.png
  artifactKey: Guid(ecd9329d4339ebe4b96cdc73d0ee8b30) Importer(815301076,1909f56bfc062723c751e8b465ee728b)
Start importing Assets/Sprites/Card Back Logo cropped.png using Guid(ecd9329d4339ebe4b96cdc73d0ee8b30) Importer(815301076,1909f56bfc062723c751e8b465ee728b)  -> (artifact id: '4a915ab7b1682aa40cb1679906ca0e22') in 0.135598 seconds 
========================================================================
Received Import Request.
  Time since last request: 55.494545 seconds.
  path: Assets/Sprites/Shield Card 2.png
  artifactKey: Guid(f193c339d4337624284a1525d25f276e) Importer(815301076,1909f56bfc062723c751e8b465ee728b)
Start importing Assets/Sprites/Shield Card 2.png using Guid(f193c339d4337624284a1525d25f276e) Importer(815301076,1909f56bfc062723c751e8b465ee728b)  -> (artifact id: '2af513d1aa2b4b08f9da027359059af9') in 0.344847 seconds 
